########### array before sorts ###########
0	15.748000	-3.048000	67.798000	-3.048000	n
1	67.798000	-3.048000	67.798000	40.310000	n
2	67.798000	40.310000	15.748000	40.310000	n
3	15.748000	40.310000	15.748000	-3.048000	n
Tolerance=0.050000.
*Exact match for i=0 and j=1.
*i point 15.748000	-3.048000	67.798000	-3.048000	y
*Exact match for i=1 and j=2.
*i point 67.798000	-3.048000	67.798000	40.310000	y
*Exact match for i=2 and j=3.
*i point 67.798000	40.310000	15.748000	40.310000	y
########### array after sorts ###########
0	15.748000	-3.048000	67.798000	-3.048000	y
1	67.798000	-3.048000	67.798000	40.310000	y
2	67.798000	40.310000	15.748000	40.310000	y
3	15.748000	40.310000	15.748000	-3.048000	y
***************
.BOARD_OUTLINE UNOWNED
1.6
0     15.748000     -3.048000     0
0     67.798000     -3.048000     0
0     67.798000     40.310000     0
0     15.748000     40.310000     0
0     15.748000     -3.048000     0
